# Logfile created on 2014-02-08 14:15:30 +0100 by logger.rb/31641
I, [2014-02-08T14:15:30.745962 #68588]  INFO -- : 0:  rake (10.1.0) from /Users/marco/.rbenv/versions/1.9.3-p484/lib/ruby/gems/1.9.1/specifications/rake-10.1.0.gemspec
I, [2014-02-08T14:15:30.746372 #68588]  INFO -- : 0:  diff-lcs (1.2.4) from /Users/marco/.rbenv/versions/1.9.3-p484/lib/ruby/gems/1.9.1/specifications/diff-lcs-1.2.4.gemspec
I, [2014-02-08T14:15:30.746657 #68588]  INFO -- : 0:  rspec-core (2.13.1) from /Users/marco/.rbenv/versions/1.9.3-p484/lib/ruby/gems/1.9.1/specifications/rspec-core-2.13.1.gemspec
I, [2014-02-08T14:15:30.746933 #68588]  INFO -- : 0:  rspec-expectations (2.13.0) from /Users/marco/.rbenv/versions/1.9.3-p484/lib/ruby/gems/1.9.1/specifications/rspec-expectations-2.13.0.gemspec
I, [2014-02-08T14:15:30.747206 #68588]  INFO -- : 0:  rspec-mocks (2.13.1) from /Users/marco/.rbenv/versions/1.9.3-p484/lib/ruby/gems/1.9.1/specifications/rspec-mocks-2.13.1.gemspec
I, [2014-02-08T14:15:30.747523 #68588]  INFO -- : 0:  rspec (2.13.0) from /Users/marco/.rbenv/versions/1.9.3-p484/lib/ruby/gems/1.9.1/specifications/rspec-2.13.0.gemspec
I, [2014-02-08T14:15:30.747793 #68588]  INFO -- : 0:  rspec-abhakungszeichen-formatter (0.0.1) from /Users/marco/.rbenv/versions/1.9.3-p484/lib/ruby/gems/1.9.1/specifications/rspec-abhakungszeichen-formatter-0.0.1.gemspec
I, [2014-02-08T14:15:30.748059 #68588]  INFO -- : 0:  rspec-puppet (0.1.5) from /Users/marco/.rbenv/versions/1.9.3-p484/lib/ruby/gems/1.9.1/specifications/rspec-puppet-0.1.5.gemspec
I, [2014-02-08T14:15:30.748299 #68588]  INFO -- : 0:  bundler (1.5.0) from /Users/marco/.rbenv/versions/1.9.3-p484/lib/ruby/gems/1.9.1/specifications/bundler-1.5.0.gemspec
I, [2014-02-08T14:16:47.881399 #68637]  INFO -- : 0:  rake (10.1.0) from /Users/marco/.rbenv/versions/1.9.3-p484/lib/ruby/gems/1.9.1/specifications/rake-10.1.0.gemspec
I, [2014-02-08T14:16:47.881818 #68637]  INFO -- : 0:  diff-lcs (1.2.4) from /Users/marco/.rbenv/versions/1.9.3-p484/lib/ruby/gems/1.9.1/specifications/diff-lcs-1.2.4.gemspec
I, [2014-02-08T14:16:47.882106 #68637]  INFO -- : 0:  facter (1.7.3) from /Users/marco/.rbenv/versions/1.9.3-p484/lib/ruby/gems/1.9.1/specifications/facter-1.7.3.gemspec
I, [2014-02-08T14:16:47.882395 #68637]  INFO -- : 0:  json_pure (1.8.0) from /Users/marco/.rbenv/versions/1.9.3-p484/lib/ruby/gems/1.9.1/specifications/json_pure-1.8.0.gemspec
I, [2014-02-08T14:16:47.882660 #68637]  INFO -- : 0:  hiera (1.2.1) from /Users/marco/.rbenv/versions/1.9.3-p484/lib/ruby/gems/1.9.1/specifications/hiera-1.2.1.gemspec
I, [2014-02-08T14:16:47.882924 #68637]  INFO -- : 0:  puppet (3.1.1) from /Users/marco/.rbenv/versions/1.9.3-p484/lib/ruby/gems/1.9.1/specifications/puppet-3.1.1.gemspec
I, [2014-02-08T14:16:47.883180 #68637]  INFO -- : 0:  rspec-core (2.13.1) from /Users/marco/.rbenv/versions/1.9.3-p484/lib/ruby/gems/1.9.1/specifications/rspec-core-2.13.1.gemspec
I, [2014-02-08T14:16:47.883439 #68637]  INFO -- : 0:  rspec-expectations (2.13.0) from /Users/marco/.rbenv/versions/1.9.3-p484/lib/ruby/gems/1.9.1/specifications/rspec-expectations-2.13.0.gemspec
I, [2014-02-08T14:16:47.883692 #68637]  INFO -- : 0:  rspec-mocks (2.13.1) from /Users/marco/.rbenv/versions/1.9.3-p484/lib/ruby/gems/1.9.1/specifications/rspec-mocks-2.13.1.gemspec
I, [2014-02-08T14:16:47.883942 #68637]  INFO -- : 0:  rspec (2.13.0) from /Users/marco/.rbenv/versions/1.9.3-p484/lib/ruby/gems/1.9.1/specifications/rspec-2.13.0.gemspec
I, [2014-02-08T14:16:47.884199 #68637]  INFO -- : 0:  rspec-abhakungszeichen-formatter (0.0.1) from /Users/marco/.rbenv/versions/1.9.3-p484/lib/ruby/gems/1.9.1/specifications/rspec-abhakungszeichen-formatter-0.0.1.gemspec
I, [2014-02-08T14:16:47.884450 #68637]  INFO -- : 0:  rspec-puppet (0.1.5) from /Users/marco/.rbenv/versions/1.9.3-p484/lib/ruby/gems/1.9.1/specifications/rspec-puppet-0.1.5.gemspec
I, [2014-02-08T14:16:47.884684 #68637]  INFO -- : 0:  bundler (1.5.0) from /Users/marco/.rbenv/versions/1.9.3-p484/lib/ruby/gems/1.9.1/specifications/bundler-1.5.0.gemspec
